[2017-08-31T12:55:48+00:00] starting `/usr/local/heroku/bin/heroku update --autoupdate` from --help
[2018-08-20T00:43:53+00:00] starting `/usr/local/heroku/bin/heroku update --autoupdate` from --version
[2018-08-20T00:43:53+00:00] heroku-cli: Updating CLI...
[2018-08-20T00:43:53+00:00] heroku-cli: Updating CLI from 6.14.4-d011db2 to 6.99.0-ec9edad... done
waiting until 2018-08-20T01:43:53.311Z to update
waiting until 2018-08-20T01:44:59.000Z to update
waiting until 2018-08-20T01:45:13.000Z to update
waiting until 2018-08-20T01:45:13.000Z to update
waiting until 2018-08-20T01:47:21.000Z to update
waiting until 2018-08-20T01:48:59.000Z to update
waiting until 2018-08-20T01:48:59.000Z to update
waiting until 2018-08-20T01:48:59.000Z to update
waiting until 2018-08-20T01:48:59.000Z to update
waiting until 2018-08-20T01:48:59.000Z to update
waiting until 2018-08-20T01:48:59.000Z to update
waiting until 2018-08-20T01:48:59.000Z to update
waiting until 2018-08-20T01:48:59.000Z to update
waiting until 2018-08-20T01:48:59.000Z to update
waiting until 2018-08-20T01:48:59.000Z to update
waiting until 2018-08-20T01:58:18.000Z to update
waiting until 2018-08-20T01:58:18.000Z to update
